  Building Custom Rule C:/Users/riley/Documents/Visual Studio 2015/Projects/MercutioEngine/SFML-master/src/SFML/Graphics/CMakeLists.txt
  CMake does not need to re-run because C:/Users/riley/Documents/Visual Studio 2015/Projects/MercutioEngine/SFML-master/build/src/SFML/Graphics/CMakeFiles/generate.stamp is up-to-date.
  BlendMode.cpp
  Color.cpp
  Font.cpp
  Glsl.cpp
  GLCheck.cpp
  GLExtensions.cpp
  Image.cpp
  ImageLoader.cpp
  RenderStates.cpp
  RenderTexture.cpp
  RenderTarget.cpp
  RenderWindow.cpp
  Shader.cpp
  Texture.cpp
C:\Users\riley\Documents\Visual Studio 2015\Projects\MercutioEngine\SFML-master\src\SFML\Graphics\Texture.cpp(185): warning C4800: 'int': forcing value to bool 'true' or 'false' (performance warning)
  TextureSaver.cpp
  Transform.cpp
  Transformable.cpp
  View.cpp
  Vertex.cpp
  GLLoader.cpp
  Generating Code...
  Compiling...
  Shape.cpp
  CircleShape.cpp
  RectangleShape.cpp
  ConvexShape.cpp
  Sprite.cpp
  Text.cpp
C:\Users\riley\Documents\Visual Studio 2015\Projects\MercutioEngine\SFML-master\src\SFML\Graphics\Text.cpp(417): warning C4800: 'sf::Uint32': forcing value to bool 'true' or 'false' (performance warning)
C:\Users\riley\Documents\Visual Studio 2015\Projects\MercutioEngine\SFML-master\src\SFML\Graphics\Text.cpp(418): warning C4800: 'sf::Uint32': forcing value to bool 'true' or 'false' (performance warning)
  VertexArray.cpp
  VertexBuffer.cpp
C:\Users\riley\Documents\Visual Studio 2015\Projects\MercutioEngine\SFML-master\src\SFML\Graphics\VertexBuffer.cpp(349): warning C4800: 'int': forcing value to bool 'true' or 'false' (performance warning)
  RenderTextureImpl.cpp
  RenderTextureImplFBO.cpp
  RenderTextureImplDefault.cpp
  Generating Code...
     Creating library C:/Users/riley/Documents/Visual Studio 2015/Projects/MercutioEngine/SFML-master/build/lib/Release/sfml-graphics.lib and object C:/Users/riley/Documents/Visual Studio 2015/Projects/MercutioEngine/SFML-master/build/lib/Release/sfml-graphics.exp
  sfml-graphics.vcxproj -> C:\Users\riley\Documents\Visual Studio 2015\Projects\MercutioEngine\SFML-master\build\lib\Release\sfml-graphics-2.dll
