  Building Custom Rule C:/Users/riley/Documents/Visual Studio 2015/Projects/MercutioEngine/SFML-master/src/SFML/System/CMakeLists.txt
  CMake does not need to re-run because C:/Users/riley/Documents/Visual Studio 2015/Projects/MercutioEngine/SFML-master/build/src/SFML/System/CMakeFiles/generate.stamp is up-to-date.
  Clock.cpp
  Err.cpp
  Lock.cpp
  Mutex.cpp
  Sleep.cpp
  String.cpp
  Thread.cpp
  ThreadLocal.cpp
  Time.cpp
  FileInputStream.cpp
  MemoryInputStream.cpp
  ClockImpl.cpp
C:\Users\riley\Documents\Visual Studio 2015\Projects\MercutioEngine\SFML-master\src\SFML\System\Win32\ClockImpl.cpp(46): warning C4996: 'GetVersion': was declared deprecated
  C:\Program Files (x86)\Windows Kits\10\Include\10.0.16299.0\um\sysinfoapi.h(184): note: see declaration of 'GetVersion'
  MutexImpl.cpp
  SleepImpl.cpp
  ThreadImpl.cpp
  ThreadLocalImpl.cpp
  Generating Code...
     Creating library C:/Users/riley/Documents/Visual Studio 2015/Projects/MercutioEngine/SFML-master/build/lib/Release/sfml-system.lib and object C:/Users/riley/Documents/Visual Studio 2015/Projects/MercutioEngine/SFML-master/build/lib/Release/sfml-system.exp
  sfml-system.vcxproj -> C:\Users\riley\Documents\Visual Studio 2015\Projects\MercutioEngine\SFML-master\build\lib\Release\sfml-system-2.dll
