  Building Custom Rule C:/Users/riley/Documents/Visual Studio 2015/Projects/MercutioEngine/bullet3-2.86.1/bullet3-2.86.1/examples/HelloWorld/CMakeLists.txt
  CMake does not need to re-run because C:/Users/riley/Documents/Visual Studio 2015/Projects/MercutioEngine/bullet3-2.86.1/bullet3-2.86.1/build/examples/HelloWorld/CMakeFiles/generate.stamp is up-to-date.
  HelloWorld.cpp
BulletDynamics.lib(btDiscreteDynamicsWorld.obj) : error LNK2038: mismatch detected for 'RuntimeLibrary': value 'MD_DynamicRelease' doesn't match value 'MT_StaticRelease' in HelloWorld.obj
BulletDynamics.lib(btRigidBody.obj) : error LNK2038: mismatch detected for 'RuntimeLibrary': value 'MD_DynamicRelease' doesn't match value 'MT_StaticRelease' in HelloWorld.obj
BulletDynamics.lib(btSequentialImpulseConstraintSolver.obj) : error LNK2038: mismatch detected for 'RuntimeLibrary': value 'MD_DynamicRelease' doesn't match value 'MT_StaticRelease' in HelloWorld.obj
BulletDynamics.lib(btTypedConstraint.obj) : error LNK2038: mismatch detected for 'RuntimeLibrary': value 'MD_DynamicRelease' doesn't match value 'MT_StaticRelease' in HelloWorld.obj
BulletDynamics.lib(btConeTwistConstraint.obj) : error LNK2038: mismatch detected for 'RuntimeLibrary': value 'MD_DynamicRelease' doesn't match value 'MT_StaticRelease' in HelloWorld.obj
BulletDynamics.lib(btGeneric6DofConstraint.obj) : error LNK2038: mismatch detected for 'RuntimeLibrary': value 'MD_DynamicRelease' doesn't match value 'MT_StaticRelease' in HelloWorld.obj
BulletCollision.lib(btCollisionDispatcher.obj) : error LNK2038: mismatch detected for 'RuntimeLibrary': value 'MD_DynamicRelease' doesn't match value 'MT_StaticRelease' in HelloWorld.obj
BulletCollision.lib(btCollisionShape.obj) : error LNK2038: mismatch detected for 'RuntimeLibrary': value 'MD_DynamicRelease' doesn't match value 'MT_StaticRelease' in HelloWorld.obj
BulletCollision.lib(btConvexShape.obj) : error LNK2038: mismatch detected for 'RuntimeLibrary': value 'MD_DynamicRelease' doesn't match value 'MT_StaticRelease' in HelloWorld.obj
BulletCollision.lib(btDefaultCollisionConfiguration.obj) : error LNK2038: mismatch detected for 'RuntimeLibrary': value 'MD_DynamicRelease' doesn't match value 'MT_StaticRelease' in HelloWorld.obj
BulletCollision.lib(btDbvtBroadphase.obj) : error LNK2038: mismatch detected for 'RuntimeLibrary': value 'MD_DynamicRelease' doesn't match value 'MT_StaticRelease' in HelloWorld.obj
BulletCollision.lib(btCollisionObject.obj) : error LNK2038: mismatch detected for 'RuntimeLibrary': value 'MD_DynamicRelease' doesn't match value 'MT_StaticRelease' in HelloWorld.obj
BulletCollision.lib(btManifoldResult.obj) : error LNK2038: mismatch detected for 'RuntimeLibrary': value 'MD_DynamicRelease' doesn't match value 'MT_StaticRelease' in HelloWorld.obj
BulletCollision.lib(btCollisionWorld.obj) : error LNK2038: mismatch detected for 'RuntimeLibrary': value 'MD_DynamicRelease' doesn't match value 'MT_StaticRelease' in HelloWorld.obj
BulletCollision.lib(btSimulationIslandManager.obj) : error LNK2038: mismatch detected for 'RuntimeLibrary': value 'MD_DynamicRelease' doesn't match value 'MT_StaticRelease' in HelloWorld.obj
BulletCollision.lib(btPolyhedralConvexShape.obj) : error LNK2038: mismatch detected for 'RuntimeLibrary': value 'MD_DynamicRelease' doesn't match value 'MT_StaticRelease' in HelloWorld.obj
BulletCollision.lib(btConvexConvexAlgorithm.obj) : error LNK2038: mismatch detected for 'RuntimeLibrary': value 'MD_DynamicRelease' doesn't match value 'MT_StaticRelease' in HelloWorld.obj
BulletCollision.lib(btEmptyCollisionAlgorithm.obj) : error LNK2038: mismatch detected for 'RuntimeLibrary': value 'MD_DynamicRelease' doesn't match value 'MT_StaticRelease' in HelloWorld.obj
BulletCollision.lib(btConvexConcaveCollisionAlgorithm.obj) : error LNK2038: mismatch detected for 'RuntimeLibrary': value 'MD_DynamicRelease' doesn't match value 'MT_StaticRelease' in HelloWorld.obj
BulletCollision.lib(btCompoundCollisionAlgorithm.obj) : error LNK2038: mismatch detected for 'RuntimeLibrary': value 'MD_DynamicRelease' doesn't match value 'MT_StaticRelease' in HelloWorld.obj
BulletCollision.lib(btCompoundCompoundCollisionAlgorithm.obj) : error LNK2038: mismatch detected for 'RuntimeLibrary': value 'MD_DynamicRelease' doesn't match value 'MT_StaticRelease' in HelloWorld.obj
BulletCollision.lib(btConvexPlaneCollisionAlgorithm.obj) : error LNK2038: mismatch detected for 'RuntimeLibrary': value 'MD_DynamicRelease' doesn't match value 'MT_StaticRelease' in HelloWorld.obj
BulletCollision.lib(btBoxBoxCollisionAlgorithm.obj) : error LNK2038: mismatch detected for 'RuntimeLibrary': value 'MD_DynamicRelease' doesn't match value 'MT_StaticRelease' in HelloWorld.obj
BulletCollision.lib(btSphereSphereCollisionAlgorithm.obj) : error LNK2038: mismatch detected for 'RuntimeLibrary': value 'MD_DynamicRelease' doesn't match value 'MT_StaticRelease' in HelloWorld.obj
BulletCollision.lib(btSphereTriangleCollisionAlgorithm.obj) : error LNK2038: mismatch detected for 'RuntimeLibrary': value 'MD_DynamicRelease' doesn't match value 'MT_StaticRelease' in HelloWorld.obj
BulletCollision.lib(btDbvt.obj) : error LNK2038: mismatch detected for 'RuntimeLibrary': value 'MD_DynamicRelease' doesn't match value 'MT_StaticRelease' in HelloWorld.obj
BulletCollision.lib(btOverlappingPairCache.obj) : error LNK2038: mismatch detected for 'RuntimeLibrary': value 'MD_DynamicRelease' doesn't match value 'MT_StaticRelease' in HelloWorld.obj
BulletCollision.lib(btBvhTriangleMeshShape.obj) : error LNK2038: mismatch detected for 'RuntimeLibrary': value 'MD_DynamicRelease' doesn't match value 'MT_StaticRelease' in HelloWorld.obj
BulletCollision.lib(btUnionFind.obj) : error LNK2038: mismatch detected for 'RuntimeLibrary': value 'MD_DynamicRelease' doesn't match value 'MT_StaticRelease' in HelloWorld.obj
BulletCollision.lib(btConvexPolyhedron.obj) : error LNK2038: mismatch detected for 'RuntimeLibrary': value 'MD_DynamicRelease' doesn't match value 'MT_StaticRelease' in HelloWorld.obj
BulletCollision.lib(btActivatingCollisionAlgorithm.obj) : error LNK2038: mismatch detected for 'RuntimeLibrary': value 'MD_DynamicRelease' doesn't match value 'MT_StaticRelease' in HelloWorld.obj
BulletCollision.lib(btPolyhedralContactClipping.obj) : error LNK2038: mismatch detected for 'RuntimeLibrary': value 'MD_DynamicRelease' doesn't match value 'MT_StaticRelease' in HelloWorld.obj
BulletCollision.lib(btCollisionAlgorithm.obj) : error LNK2038: mismatch detected for 'RuntimeLibrary': value 'MD_DynamicRelease' doesn't match value 'MT_StaticRelease' in HelloWorld.obj
BulletCollision.lib(btHashedSimplePairCache.obj) : error LNK2038: mismatch detected for 'RuntimeLibrary': value 'MD_DynamicRelease' doesn't match value 'MT_StaticRelease' in HelloWorld.obj
BulletCollision.lib(btQuantizedBvh.obj) : error LNK2038: mismatch detected for 'RuntimeLibrary': value 'MD_DynamicRelease' doesn't match value 'MT_StaticRelease' in HelloWorld.obj
BulletCollision.lib(btOptimizedBvh.obj) : error LNK2038: mismatch detected for 'RuntimeLibrary': value 'MD_DynamicRelease' doesn't match value 'MT_StaticRelease' in HelloWorld.obj
LinearMath.lib(btQuickprof.obj) : error LNK2038: mismatch detected for 'RuntimeLibrary': value 'MD_DynamicRelease' doesn't match value 'MT_StaticRelease' in HelloWorld.obj
LinearMath.lib(btConvexHullComputer.obj) : error LNK2038: mismatch detected for 'RuntimeLibrary': value 'MD_DynamicRelease' doesn't match value 'MT_StaticRelease' in HelloWorld.obj
LinearMath.lib(btGeometryUtil.obj) : error LNK2038: mismatch detected for 'RuntimeLibrary': value 'MD_DynamicRelease' doesn't match value 'MT_StaticRelease' in HelloWorld.obj
LINK : warning LNK4098: defaultlib 'MSVCRT' conflicts with use of other libs; use /NODEFAULTLIB:library
LinearMath.lib(btAlignedAllocator.obj) : warning LNK4217: locally defined symbol _free imported in function "void __cdecl btFreeDefault(void *)" (?btFreeDefault@@YAXPAX@Z)
LinearMath.lib(btAlignedAllocator.obj) : warning LNK4217: locally defined symbol _malloc imported in function "void * __cdecl btAllocDefault(unsigned int)" (?btAllocDefault@@YAPAXI@Z)
LinearMath.lib(btQuickprof.obj) : warning LNK4217: locally defined symbol ___acrt_iob_func imported in function _printf
LinearMath.lib(btQuickprof.obj) : warning LNK4217: locally defined symbol ___stdio_common_vfprintf imported in function _printf
MSVCRT.lib(_chandler4gs_.obj) : error LNK2019: unresolved external symbol __except_handler4_common referenced in function __except_handler4
C:\Users\riley\Documents\Visual Studio 2015\Projects\MercutioEngine\bullet3-2.86.1\bullet3-2.86.1\build\examples\HelloWorld\Release\App_HelloWorld.exe : fatal error LNK1120: 1 unresolved externals
