  stdafx.cpp
  meActor.cpp
  meAssetManager.cpp
  meBarrier.cpp
  meCharacterSelector.cpp
  meEase.cpp
  meEnemy.cpp
  meEnemyAggro.cpp
  meEngine.cpp
  meEntity.cpp
  meInput.cpp
  meMenu.cpp
  meMenuManager.cpp
  meNavSystem.cpp
  meParser.cpp
  meProjectile.cpp
  meRandom.cpp
  MercutioEngine.cpp
  meRender.cpp
  meSceneManager.cpp
  meSoundHolder.cpp
  Compiling...
  meText.cpp
  shaderset.cpp
  stb_image.cpp
  wokDoor.cpp
  wokEditor.cpp
  wokEnemySpawner.cpp
  wokLevelEnd.cpp
  wokNavNode.cpp
  wokPressurePlate.cpp
  wokSpawnWarning.cpp
LINK : warning LNK4098: defaultlib 'LIBCMT' conflicts with use of other libs; use /NODEFAULTLIB:library
  Generating code
  All 4847 functions were compiled because no usable IPDB/IOBJ from previous compilation was found.
  Finished generating code
  MercutioEngine.vcxproj -> C:\Users\riley\documents\visual studio 2015\Projects\MercutioEngine\Release\MercutioEngine.exe
  MercutioEngine.vcxproj -> C:\Users\riley\documents\visual studio 2015\Projects\MercutioEngine\Release\MercutioEngine.pdb (Full PDB)
