c:\users\riley\documents\visual studio 2015\projects\mercutioengine\mercutioengine\release\mercutioengine.pch
c:\users\riley\documents\visual studio 2015\projects\mercutioengine\mercutioengine\release\vc140.pdb
c:\users\riley\documents\visual studio 2015\projects\mercutioengine\mercutioengine\release\stdafx.obj
c:\users\riley\documents\visual studio 2015\projects\mercutioengine\mercutioengine\release\mesoundholder.obj
c:\users\riley\documents\visual studio 2015\projects\mercutioengine\mercutioengine\release\mescenemanager.obj
c:\users\riley\documents\visual studio 2015\projects\mercutioengine\mercutioengine\release\merender.obj
c:\users\riley\documents\visual studio 2015\projects\mercutioengine\mercutioengine\release\mercutioengine.obj
c:\users\riley\documents\visual studio 2015\projects\mercutioengine\mercutioengine\release\merandom.obj
c:\users\riley\documents\visual studio 2015\projects\mercutioengine\mercutioengine\release\meprojectile.obj
c:\users\riley\documents\visual studio 2015\projects\mercutioengine\mercutioengine\release\meparser.obj
c:\users\riley\documents\visual studio 2015\projects\mercutioengine\mercutioengine\release\menavsystem.obj
c:\users\riley\documents\visual studio 2015\projects\mercutioengine\mercutioengine\release\memenumanager.obj
c:\users\riley\documents\visual studio 2015\projects\mercutioengine\mercutioengine\release\memenu.obj
c:\users\riley\documents\visual studio 2015\projects\mercutioengine\mercutioengine\release\meinput.obj
c:\users\riley\documents\visual studio 2015\projects\mercutioengine\mercutioengine\release\meentity.obj
c:\users\riley\documents\visual studio 2015\projects\mercutioengine\mercutioengine\release\meengine.obj
c:\users\riley\documents\visual studio 2015\projects\mercutioengine\mercutioengine\release\meenemyaggro.obj
c:\users\riley\documents\visual studio 2015\projects\mercutioengine\mercutioengine\release\meenemy.obj
c:\users\riley\documents\visual studio 2015\projects\mercutioengine\mercutioengine\release\meease.obj
c:\users\riley\documents\visual studio 2015\projects\mercutioengine\mercutioengine\release\mecharacterselector.obj
c:\users\riley\documents\visual studio 2015\projects\mercutioengine\mercutioengine\release\mebarrier.obj
c:\users\riley\documents\visual studio 2015\projects\mercutioengine\mercutioengine\release\meassetmanager.obj
c:\users\riley\documents\visual studio 2015\projects\mercutioengine\mercutioengine\release\meactor.obj
c:\users\riley\documents\visual studio 2015\projects\mercutioengine\mercutioengine\release\wokspawnwarning.obj
c:\users\riley\documents\visual studio 2015\projects\mercutioengine\mercutioengine\release\wokpressureplate.obj
c:\users\riley\documents\visual studio 2015\projects\mercutioengine\mercutioengine\release\woknavnode.obj
c:\users\riley\documents\visual studio 2015\projects\mercutioengine\mercutioengine\release\woklevelend.obj
c:\users\riley\documents\visual studio 2015\projects\mercutioengine\mercutioengine\release\wokenemyspawner.obj
c:\users\riley\documents\visual studio 2015\projects\mercutioengine\mercutioengine\release\wokeditor.obj
c:\users\riley\documents\visual studio 2015\projects\mercutioengine\mercutioengine\release\wokdoor.obj
c:\users\riley\documents\visual studio 2015\projects\mercutioengine\mercutioengine\release\stb_image.obj
c:\users\riley\documents\visual studio 2015\projects\mercutioengine\mercutioengine\release\shaderset.obj
c:\users\riley\documents\visual studio 2015\projects\mercutioengine\mercutioengine\release\metext.obj
c:\users\riley\documents\visual studio 2015\projects\mercutioengine\release\mercutioengine.exe
c:\users\riley\documents\visual studio 2015\projects\mercutioengine\release\mercutioengine.ipdb
c:\users\riley\documents\visual studio 2015\projects\mercutioengine\release\mercutioengine.iobj
c:\users\riley\documents\visual studio 2015\projects\mercutioengine\release\mercutioengine.pdb
c:\users\riley\documents\visual studio 2015\projects\mercutioengine\mercutioengine\release\mercutioengine.tlog\cl.command.1.tlog
c:\users\riley\documents\visual studio 2015\projects\mercutioengine\mercutioengine\release\mercutioengine.tlog\cl.read.1.tlog
c:\users\riley\documents\visual studio 2015\projects\mercutioengine\mercutioengine\release\mercutioengine.tlog\cl.write.1.tlog
c:\users\riley\documents\visual studio 2015\projects\mercutioengine\mercutioengine\release\mercutioengine.tlog\link.command.1.tlog
c:\users\riley\documents\visual studio 2015\projects\mercutioengine\mercutioengine\release\mercutioengine.tlog\link.read.1.tlog
c:\users\riley\documents\visual studio 2015\projects\mercutioengine\mercutioengine\release\mercutioengine.tlog\link.write.1.tlog
