  Checking Build System
  CMake does not need to re-run because C:/Users/riley/Documents/Visual Studio 2015/Projects/MercutioEngine/bullet3-2.86.1/bullet3-2.86.1/build/CMakeFiles/generate.stamp is up-to-date.
  CMake does not need to re-run because C:/Users/riley/Documents/Visual Studio 2015/Projects/MercutioEngine/bullet3-2.86.1/bullet3-2.86.1/build/examples/CMakeFiles/generate.stamp is up-to-date.
  CMake does not need to re-run because C:/Users/riley/Documents/Visual Studio 2015/Projects/MercutioEngine/bullet3-2.86.1/bullet3-2.86.1/build/Extras/CMakeFiles/generate.stamp is up-to-date.
  CMake does not need to re-run because C:/Users/riley/Documents/Visual Studio 2015/Projects/MercutioEngine/bullet3-2.86.1/bullet3-2.86.1/build/src/CMakeFiles/generate.stamp is up-to-date.
  CMake does not need to re-run because C:/Users/riley/Documents/Visual Studio 2015/Projects/MercutioEngine/bullet3-2.86.1/bullet3-2.86.1/build/test/CMakeFiles/generate.stamp is up-to-date.
  CMake does not need to re-run because C:/Users/riley/Documents/Visual Studio 2015/Projects/MercutioEngine/bullet3-2.86.1/bullet3-2.86.1/build/examples/HelloWorld/CMakeFiles/generate.stamp is up-to-date.
  CMake does not need to re-run because C:/Users/riley/Documents/Visual Studio 2015/Projects/MercutioEngine/bullet3-2.86.1/bullet3-2.86.1/build/examples/BasicDemo/CMakeFiles/generate.stamp is up-to-date.
  CMake does not need to re-run because C:/Users/riley/Documents/Visual Studio 2015/Projects/MercutioEngine/bullet3-2.86.1/bullet3-2.86.1/build/examples/ExampleBrowser/CMakeFiles/generate.stamp is up-to-date.
  CMake does not need to re-run because C:/Users/riley/Documents/Visual Studio 2015/Projects/MercutioEngine/bullet3-2.86.1/bullet3-2.86.1/build/examples/SharedMemory/CMakeFiles/generate.stamp is up-to-date.
  CMake does not need to re-run because C:/Users/riley/Documents/Visual Studio 2015/Projects/MercutioEngine/bullet3-2.86.1/bullet3-2.86.1/build/examples/ThirdPartyLibs/Gwen/CMakeFiles/generate.stamp is up-to-date.
  CMake does not need to re-run because C:/Users/riley/Documents/Visual Studio 2015/Projects/MercutioEngine/bullet3-2.86.1/bullet3-2.86.1/build/examples/ThirdPartyLibs/BussIK/CMakeFiles/generate.stamp is up-to-date.
  CMake does not need to re-run because C:/Users/riley/Documents/Visual Studio 2015/Projects/MercutioEngine/bullet3-2.86.1/bullet3-2.86.1/build/examples/OpenGLWindow/CMakeFiles/generate.stamp is up-to-date.
  CMake does not need to re-run because C:/Users/riley/Documents/Visual Studio 2015/Projects/MercutioEngine/bullet3-2.86.1/bullet3-2.86.1/build/Extras/Serialize/CMakeFiles/generate.stamp is up-to-date.
  CMake does not need to re-run because C:/Users/riley/Documents/Visual Studio 2015/Projects/MercutioEngine/bullet3-2.86.1/bullet3-2.86.1/build/Extras/ConvexDecomposition/CMakeFiles/generate.stamp is up-to-date.
  CMake does not need to re-run because C:/Users/riley/Documents/Visual Studio 2015/Projects/MercutioEngine/bullet3-2.86.1/bullet3-2.86.1/build/Extras/HACD/CMakeFiles/generate.stamp is up-to-date.
  CMake does not need to re-run because C:/Users/riley/Documents/Visual Studio 2015/Projects/MercutioEngine/bullet3-2.86.1/bullet3-2.86.1/build/Extras/GIMPACTUtils/CMakeFiles/generate.stamp is up-to-date.
  CMake does not need to re-run because C:/Users/riley/Documents/Visual Studio 2015/Projects/MercutioEngine/bullet3-2.86.1/bullet3-2.86.1/build/Extras/InverseDynamics/CMakeFiles/generate.stamp is up-to-date.
  CMake does not need to re-run because C:/Users/riley/Documents/Visual Studio 2015/Projects/MercutioEngine/bullet3-2.86.1/bullet3-2.86.1/build/Extras/Serialize/BulletFileLoader/CMakeFiles/generate.stamp is up-to-date.
  CMake does not need to re-run because C:/Users/riley/Documents/Visual Studio 2015/Projects/MercutioEngine/bullet3-2.86.1/bullet3-2.86.1/build/Extras/Serialize/BulletXmlWorldImporter/CMakeFiles/generate.stamp is up-to-date.
  CMake does not need to re-run because C:/Users/riley/Documents/Visual Studio 2015/Projects/MercutioEngine/bullet3-2.86.1/bullet3-2.86.1/build/Extras/Serialize/BulletWorldImporter/CMakeFiles/generate.stamp is up-to-date.
  CMake does not need to re-run because C:/Users/riley/Documents/Visual Studio 2015/Projects/MercutioEngine/bullet3-2.86.1/bullet3-2.86.1/build/src/Bullet3OpenCL/CMakeFiles/generate.stamp is up-to-date.
  CMake does not need to re-run because C:/Users/riley/Documents/Visual Studio 2015/Projects/MercutioEngine/bullet3-2.86.1/bullet3-2.86.1/build/src/Bullet3Serialize/Bullet2FileLoader/CMakeFiles/generate.stamp is up-to-date.
  CMake does not need to re-run because C:/Users/riley/Documents/Visual Studio 2015/Projects/MercutioEngine/bullet3-2.86.1/bullet3-2.86.1/build/src/Bullet3Dynamics/CMakeFiles/generate.stamp is up-to-date.
  CMake does not need to re-run because C:/Users/riley/Documents/Visual Studio 2015/Projects/MercutioEngine/bullet3-2.86.1/bullet3-2.86.1/build/src/Bullet3Collision/CMakeFiles/generate.stamp is up-to-date.
  CMake does not need to re-run because C:/Users/riley/Documents/Visual Studio 2015/Projects/MercutioEngine/bullet3-2.86.1/bullet3-2.86.1/build/src/Bullet3Geometry/CMakeFiles/generate.stamp is up-to-date.
  CMake does not need to re-run because C:/Users/riley/Documents/Visual Studio 2015/Projects/MercutioEngine/bullet3-2.86.1/bullet3-2.86.1/build/src/Bullet3Common/CMakeFiles/generate.stamp is up-to-date.
  CMake does not need to re-run because C:/Users/riley/Documents/Visual Studio 2015/Projects/MercutioEngine/bullet3-2.86.1/bullet3-2.86.1/build/src/BulletInverseDynamics/CMakeFiles/generate.stamp is up-to-date.
  CMake does not need to re-run because C:/Users/riley/Documents/Visual Studio 2015/Projects/MercutioEngine/bullet3-2.86.1/bullet3-2.86.1/build/src/BulletSoftBody/CMakeFiles/generate.stamp is up-to-date.
  CMake does not need to re-run because C:/Users/riley/Documents/Visual Studio 2015/Projects/MercutioEngine/bullet3-2.86.1/bullet3-2.86.1/build/src/BulletCollision/CMakeFiles/generate.stamp is up-to-date.
  CMake does not need to re-run because C:/Users/riley/Documents/Visual Studio 2015/Projects/MercutioEngine/bullet3-2.86.1/bullet3-2.86.1/build/src/BulletDynamics/CMakeFiles/generate.stamp is up-to-date.
  CMake does not need to re-run because C:/Users/riley/Documents/Visual Studio 2015/Projects/MercutioEngine/bullet3-2.86.1/bullet3-2.86.1/build/src/LinearMath/CMakeFiles/generate.stamp is up-to-date.
  CMake does not need to re-run because C:/Users/riley/Documents/Visual Studio 2015/Projects/MercutioEngine/bullet3-2.86.1/bullet3-2.86.1/build/test/InverseDynamics/CMakeFiles/generate.stamp is up-to-date.
  CMake does not need to re-run because C:/Users/riley/Documents/Visual Studio 2015/Projects/MercutioEngine/bullet3-2.86.1/bullet3-2.86.1/build/test/SharedMemory/CMakeFiles/generate.stamp is up-to-date.
  CMake does not need to re-run because C:/Users/riley/Documents/Visual Studio 2015/Projects/MercutioEngine/bullet3-2.86.1/bullet3-2.86.1/build/test/gtest-1.7.0/CMakeFiles/generate.stamp is up-to-date.
  CMake does not need to re-run because C:/Users/riley/Documents/Visual Studio 2015/Projects/MercutioEngine/bullet3-2.86.1/bullet3-2.86.1/build/test/collision/CMakeFiles/generate.stamp is up-to-date.
  CMake does not need to re-run because C:/Users/riley/Documents/Visual Studio 2015/Projects/MercutioEngine/bullet3-2.86.1/bullet3-2.86.1/build/test/RobotLogging/CMakeFiles/generate.stamp is up-to-date.
  CMake does not need to re-run because C:/Users/riley/Documents/Visual Studio 2015/Projects/MercutioEngine/bullet3-2.86.1/bullet3-2.86.1/build/test/BulletDynamics/pendulum/CMakeFiles/generate.stamp is up-to-date.
